E:\server64\www\tagihanwifi_onlinedb\.htaccess
E:\server64\www\tagihanwifi_onlinedb\api\.htaccess
E:\server64\www\tagihanwifi_onlinedb\api\index.php
E:\server64\www\tagihanwifi_onlinedb\composer.json
E:\server64\www\tagihanwifi_onlinedb\controllers\ApiController.php
E:\server64\www\tagihanwifi_onlinedb\controllers\BandwidthController.php
E:\server64\www\tagihanwifi_onlinedb\controllers\BillingReportController.php
E:\server64\www\tagihanwifi_onlinedb\controllers\BroadcastController.php
E:\server64\www\tagihanwifi_onlinedb\controllers\ControllerBase.php
E:\server64\www\tagihanwifi_onlinedb\controllers\Dashboard2Controller.php
E:\server64\www\tagihanwifi_onlinedb\controllers\DataPelangganController.php
E:\server64\www\tagihanwifi_onlinedb\controllers\OthersController.php
E:\server64\www\tagihanwifi_onlinedb\controllers\StatusController.php
E:\server64\www\tagihanwifi_onlinedb\controllers\SubscriptionController.php
E:\server64\www\tagihanwifi_onlinedb\css\ewpdf.scss
E:\server64\www\tagihanwifi_onlinedb\css\query-builder.scss
E:\server64\www\tagihanwifi_onlinedb\css\tabulator_bootstrap5.scss
E:\server64\www\tagihanwifi_onlinedb\css\tagihanwifi01.scss
E:\server64\www\tagihanwifi_onlinedb\css\tempus-dominus.scss
E:\server64\www\tagihanwifi_onlinedb\files\index.html
E:\server64\www\tagihanwifi_onlinedb\index.php
E:\server64\www\tagihanwifi_onlinedb\js\eweditor.js
E:\server64\www\tagihanwifi_onlinedb\js\userevent.js
E:\server64\www\tagihanwifi_onlinedb\js\userfn.js
E:\server64\www\tagihanwifi_onlinedb\log\index.html
E:\server64\www\tagihanwifi_onlinedb\models\Bandwidth.php
E:\server64\www\tagihanwifi_onlinedb\models\BandwidthAdd.php
E:\server64\www\tagihanwifi_onlinedb\models\BandwidthDelete.php
E:\server64\www\tagihanwifi_onlinedb\models\BandwidthEdit.php
E:\server64\www\tagihanwifi_onlinedb\models\BandwidthList.php
E:\server64\www\tagihanwifi_onlinedb\models\BandwidthView.php
E:\server64\www\tagihanwifi_onlinedb\models\BillingReport.php
E:\server64\www\tagihanwifi_onlinedb\models\BillingReportSummary.php
E:\server64\www\tagihanwifi_onlinedb\models\Broadcast.php
E:\server64\www\tagihanwifi_onlinedb\models\BroadcastAdd.php
E:\server64\www\tagihanwifi_onlinedb\models\BroadcastDelete.php
E:\server64\www\tagihanwifi_onlinedb\models\BroadcastEdit.php
E:\server64\www\tagihanwifi_onlinedb\models\BroadcastList.php
E:\server64\www\tagihanwifi_onlinedb\models\BroadcastView.php
E:\server64\www\tagihanwifi_onlinedb\models\Dashboard2.php
E:\server64\www\tagihanwifi_onlinedb\models\DataPelanggan.php
E:\server64\www\tagihanwifi_onlinedb\models\DataPelangganAdd.php
E:\server64\www\tagihanwifi_onlinedb\models\DataPelangganDelete.php
E:\server64\www\tagihanwifi_onlinedb\models\DataPelangganEdit.php
E:\server64\www\tagihanwifi_onlinedb\models\DataPelangganList.php
E:\server64\www\tagihanwifi_onlinedb\models\DataPelangganView.php
E:\server64\www\tagihanwifi_onlinedb\models\Status.php
E:\server64\www\tagihanwifi_onlinedb\models\StatusAdd.php
E:\server64\www\tagihanwifi_onlinedb\models\StatusDelete.php
E:\server64\www\tagihanwifi_onlinedb\models\StatusEdit.php
E:\server64\www\tagihanwifi_onlinedb\models\StatusList.php
E:\server64\www\tagihanwifi_onlinedb\models\StatusView.php
E:\server64\www\tagihanwifi_onlinedb\models\Subscription.php
E:\server64\www\tagihanwifi_onlinedb\models\SubscriptionAdd.php
E:\server64\www\tagihanwifi_onlinedb\models\SubscriptionDelete.php
E:\server64\www\tagihanwifi_onlinedb\models\SubscriptionEdit.php
E:\server64\www\tagihanwifi_onlinedb\models\SubscriptionList.php
E:\server64\www\tagihanwifi_onlinedb\models\SubscriptionView.php
E:\server64\www\tagihanwifi_onlinedb\package.json
E:\server64\www\tagihanwifi_onlinedb\src\AbstractController.php
E:\server64\www\tagihanwifi_onlinedb\src\AbstractEntity.php
E:\server64\www\tagihanwifi_onlinedb\src\AbstractExport.php
E:\server64\www\tagihanwifi_onlinedb\src\AbstractExportBase.php
E:\server64\www\tagihanwifi_onlinedb\src\AbstractTwoFactorAuthentication.php
E:\server64\www\tagihanwifi_onlinedb\src\AdvancedFilter.php
E:\server64\www\tagihanwifi_onlinedb\src\AdvancedSearch.php
E:\server64\www\tagihanwifi_onlinedb\src\AdvancedSecurity.php
E:\server64\www\tagihanwifi_onlinedb\src\Allow.php
E:\server64\www\tagihanwifi_onlinedb\src\ApiActionEvent.php
E:\server64\www\tagihanwifi_onlinedb\src\ApiPermissionMiddleware.php
E:\server64\www\tagihanwifi_onlinedb\src\Attributes.php
E:\server64\www\tagihanwifi_onlinedb\src\Attributes\Delete.php
E:\server64\www\tagihanwifi_onlinedb\src\Attributes\Get.php
E:\server64\www\tagihanwifi_onlinedb\src\Attributes\Map.php
E:\server64\www\tagihanwifi_onlinedb\src\Attributes\Options.php
E:\server64\www\tagihanwifi_onlinedb\src\Attributes\Patch.php
E:\server64\www\tagihanwifi_onlinedb\src\Attributes\Post.php
E:\server64\www\tagihanwifi_onlinedb\src\Attributes\Put.php
E:\server64\www\tagihanwifi_onlinedb\src\AuditTrailHandler.php
E:\server64\www\tagihanwifi_onlinedb\src\AzureAD.php
E:\server64\www\tagihanwifi_onlinedb\src\BasicSearch.php
E:\server64\www\tagihanwifi_onlinedb\src\Breadcrumb.php
E:\server64\www\tagihanwifi_onlinedb\src\BytesType.php
E:\server64\www\tagihanwifi_onlinedb\src\CaptchaBase.php
E:\server64\www\tagihanwifi_onlinedb\src\CaptchaInterface.php
E:\server64\www\tagihanwifi_onlinedb\src\ChartExporter.php
E:\server64\www\tagihanwifi_onlinedb\src\ChartJsRenderer.php
E:\server64\www\tagihanwifi_onlinedb\src\ChartRendererInterface.php
E:\server64\www\tagihanwifi_onlinedb\src\ChartTypes.php
E:\server64\www\tagihanwifi_onlinedb\src\ConfigurationEvent.php
E:\server64\www\tagihanwifi_onlinedb\src\ContainerBuildEvent.php
E:\server64\www\tagihanwifi_onlinedb\src\CorsMiddleware.php
E:\server64\www\tagihanwifi_onlinedb\src\CrosstabColumn.php
E:\server64\www\tagihanwifi_onlinedb\src\CrosstabTable.php
E:\server64\www\tagihanwifi_onlinedb\src\CustomUploadHandler.php
E:\server64\www\tagihanwifi_onlinedb\src\DataType.php
E:\server64\www\tagihanwifi_onlinedb\src\DatabaseConnectedEvent.php
E:\server64\www\tagihanwifi_onlinedb\src\DatabaseConnectingEvent.php
E:\server64\www\tagihanwifi_onlinedb\src\DbChart.php
E:\server64\www\tagihanwifi_onlinedb\src\DbField.php
E:\server64\www\tagihanwifi_onlinedb\src\DbTable.php
E:\server64\www\tagihanwifi_onlinedb\src\DbTableBase.php
E:\server64\www\tagihanwifi_onlinedb\src\DebugSqlLogger.php
E:\server64\www\tagihanwifi_onlinedb\src\Email.php
E:\server64\www\tagihanwifi_onlinedb\src\EmailTwoFactorAuthentication.php
E:\server64\www\tagihanwifi_onlinedb\src\EntityDescriptor.php
E:\server64\www\tagihanwifi_onlinedb\src\Entity\Bandwidth.php
E:\server64\www\tagihanwifi_onlinedb\src\Entity\Broadcast.php
E:\server64\www\tagihanwifi_onlinedb\src\Entity\DataPelanggan.php
E:\server64\www\tagihanwifi_onlinedb\src\Entity\Status.php
E:\server64\www\tagihanwifi_onlinedb\src\Entity\Subscription.php
E:\server64\www\tagihanwifi_onlinedb\src\ExportCsv.php
E:\server64\www\tagihanwifi_onlinedb\src\ExportEmail.php
E:\server64\www\tagihanwifi_onlinedb\src\ExportExcel.php
E:\server64\www\tagihanwifi_onlinedb\src\ExportHandler.php
E:\server64\www\tagihanwifi_onlinedb\src\ExportHtml.php
E:\server64\www\tagihanwifi_onlinedb\src\ExportJson.php
E:\server64\www\tagihanwifi_onlinedb\src\ExportPdf.php
E:\server64\www\tagihanwifi_onlinedb\src\ExportWord.php
E:\server64\www\tagihanwifi_onlinedb\src\ExportXml.php
E:\server64\www\tagihanwifi_onlinedb\src\FileUploadHandler.php
E:\server64\www\tagihanwifi_onlinedb\src\FileViewer.php
E:\server64\www\tagihanwifi_onlinedb\src\ForceLogoutUserAction.php
E:\server64\www\tagihanwifi_onlinedb\src\GeographyType.php
E:\server64\www\tagihanwifi_onlinedb\src\GeometryType.php
E:\server64\www\tagihanwifi_onlinedb\src\HierarchyIdType.php
E:\server64\www\tagihanwifi_onlinedb\src\HttpErrorHandler.php
E:\server64\www\tagihanwifi_onlinedb\src\HttpForm.php
E:\server64\www\tagihanwifi_onlinedb\src\HttpServiceUnavailableException.php
E:\server64\www\tagihanwifi_onlinedb\src\HttpSession.php
E:\server64\www\tagihanwifi_onlinedb\src\HttpUpload.php
E:\server64\www\tagihanwifi_onlinedb\src\JwtMiddleware.php
E:\server64\www\tagihanwifi_onlinedb\src\Language.php
E:\server64\www\tagihanwifi_onlinedb\src\LanguageLoadEvent.php
E:\server64\www\tagihanwifi_onlinedb\src\LaravelSessionMiddleware.php
E:\server64\www\tagihanwifi_onlinedb\src\LdapConn.php
E:\server64\www\tagihanwifi_onlinedb\src\ListAction.php
E:\server64\www\tagihanwifi_onlinedb\src\ListActions.php
E:\server64\www\tagihanwifi_onlinedb\src\ListOption.php
E:\server64\www\tagihanwifi_onlinedb\src\ListOptions.php
E:\server64\www\tagihanwifi_onlinedb\src\ListOptionsArray.php
E:\server64\www\tagihanwifi_onlinedb\src\LoginStatusEvent.php
E:\server64\www\tagihanwifi_onlinedb\src\Lookup.php
E:\server64\www\tagihanwifi_onlinedb\src\MaintenanceMiddleware.php
E:\server64\www\tagihanwifi_onlinedb\src\Menu.php
E:\server64\www\tagihanwifi_onlinedb\src\MenuItem.php
E:\server64\www\tagihanwifi_onlinedb\src\MenuItemAddingEvent.php
E:\server64\www\tagihanwifi_onlinedb\src\MenuRenderedEvent.php
E:\server64\www\tagihanwifi_onlinedb\src\MenuRenderingEvent.php
E:\server64\www\tagihanwifi_onlinedb\src\MessagesTrait.php
E:\server64\www\tagihanwifi_onlinedb\src\NumericPager.php
E:\server64\www\tagihanwifi_onlinedb\src\OptionValues.php
E:\server64\www\tagihanwifi_onlinedb\src\PageLoadingEvent.php
E:\server64\www\tagihanwifi_onlinedb\src\PageRenderingEvent.php
E:\server64\www\tagihanwifi_onlinedb\src\PageUnloadedEvent.php
E:\server64\www\tagihanwifi_onlinedb\src\Pager.php
E:\server64\www\tagihanwifi_onlinedb\src\PagerItem.php
E:\server64\www\tagihanwifi_onlinedb\src\PasswordHash.php
E:\server64\www\tagihanwifi_onlinedb\src\PermissionMiddleware.php
E:\server64\www\tagihanwifi_onlinedb\src\PhpEncryption.php
E:\server64\www\tagihanwifi_onlinedb\src\PragmaRxTwoFactorAuthentication.php
E:\server64\www\tagihanwifi_onlinedb\src\PrevNextPager.php
E:\server64\www\tagihanwifi_onlinedb\src\PushNotification.php
E:\server64\www\tagihanwifi_onlinedb\src\ReportField.php
E:\server64\www\tagihanwifi_onlinedb\src\ReportTable.php
E:\server64\www\tagihanwifi_onlinedb\src\ResendRegisterEmailAction.php
E:\server64\www\tagihanwifi_onlinedb\src\ResetConcurrentUserAction.php
E:\server64\www\tagihanwifi_onlinedb\src\ResetLoginRetryAction.php
E:\server64\www\tagihanwifi_onlinedb\src\ResetUserSecretAction.php
E:\server64\www\tagihanwifi_onlinedb\src\RouteActionEvent.php
E:\server64\www\tagihanwifi_onlinedb\src\RouteAttributes.php
E:\server64\www\tagihanwifi_onlinedb\src\RowSummary.php
E:\server64\www\tagihanwifi_onlinedb\src\RowTotal.php
E:\server64\www\tagihanwifi_onlinedb\src\RowType.php
E:\server64\www\tagihanwifi_onlinedb\src\Saml2.php
E:\server64\www\tagihanwifi_onlinedb\src\SessionHandler.php
E:\server64\www\tagihanwifi_onlinedb\src\SetPasswordExpiredAction.php
E:\server64\www\tagihanwifi_onlinedb\src\Sms.php
E:\server64\www\tagihanwifi_onlinedb\src\SmsTwoFactorAuthentication.php
E:\server64\www\tagihanwifi_onlinedb\src\SsoStateSessionStore.php
E:\server64\www\tagihanwifi_onlinedb\src\SubPage.php
E:\server64\www\tagihanwifi_onlinedb\src\SubPages.php
E:\server64\www\tagihanwifi_onlinedb\src\SummaryField.php
E:\server64\www\tagihanwifi_onlinedb\src\Timer.php
E:\server64\www\tagihanwifi_onlinedb\src\TwoFactorAuthenticationInterface.php
E:\server64\www\tagihanwifi_onlinedb\src\UploadHandler.php
E:\server64\www\tagihanwifi_onlinedb\src\UserProfile.php
E:\server64\www\tagihanwifi_onlinedb\src\XmlDocument.php
E:\server64\www\tagihanwifi_onlinedb\src\apiroutes.php
E:\server64\www\tagihanwifi_onlinedb\src\config.development.php
E:\server64\www\tagihanwifi_onlinedb\src\config.php
E:\server64\www\tagihanwifi_onlinedb\src\config.production.php
E:\server64\www\tagihanwifi_onlinedb\src\constants.php
E:\server64\www\tagihanwifi_onlinedb\src\definitions.php
E:\server64\www\tagihanwifi_onlinedb\src\phpfn.php
E:\server64\www\tagihanwifi_onlinedb\src\routes.php
E:\server64\www\tagihanwifi_onlinedb\src\userfn.php
E:\server64\www\tagihanwifi_onlinedb\src\userlevelsettings.php
E:\server64\www\tagihanwifi_onlinedb\views\BandwidthAdd.php
E:\server64\www\tagihanwifi_onlinedb\views\BandwidthDelete.php
E:\server64\www\tagihanwifi_onlinedb\views\BandwidthEdit.php
E:\server64\www\tagihanwifi_onlinedb\views\BandwidthList.php
E:\server64\www\tagihanwifi_onlinedb\views\BandwidthView.php
E:\server64\www\tagihanwifi_onlinedb\views\BillingReportSummary.php
E:\server64\www\tagihanwifi_onlinedb\views\BroadcastAdd.php
E:\server64\www\tagihanwifi_onlinedb\views\BroadcastDelete.php
E:\server64\www\tagihanwifi_onlinedb\views\BroadcastEdit.php
E:\server64\www\tagihanwifi_onlinedb\views\BroadcastList.php
E:\server64\www\tagihanwifi_onlinedb\views\BroadcastView.php
E:\server64\www\tagihanwifi_onlinedb\views\Dashboard2.php
E:\server64\www\tagihanwifi_onlinedb\views\DataPelangganAdd.php
E:\server64\www\tagihanwifi_onlinedb\views\DataPelangganDelete.php
E:\server64\www\tagihanwifi_onlinedb\views\DataPelangganEdit.php
E:\server64\www\tagihanwifi_onlinedb\views\DataPelangganList.php
E:\server64\www\tagihanwifi_onlinedb\views\DataPelangganView.php
E:\server64\www\tagihanwifi_onlinedb\views\Error.php
E:\server64\www\tagihanwifi_onlinedb\views\StatusAdd.php
E:\server64\www\tagihanwifi_onlinedb\views\StatusDelete.php
E:\server64\www\tagihanwifi_onlinedb\views\StatusEdit.php
E:\server64\www\tagihanwifi_onlinedb\views\StatusList.php
E:\server64\www\tagihanwifi_onlinedb\views\StatusView.php
E:\server64\www\tagihanwifi_onlinedb\views\SubscriptionAdd.php
E:\server64\www\tagihanwifi_onlinedb\views\SubscriptionDelete.php
E:\server64\www\tagihanwifi_onlinedb\views\SubscriptionEdit.php
E:\server64\www\tagihanwifi_onlinedb\views\SubscriptionList.php
E:\server64\www\tagihanwifi_onlinedb\views\SubscriptionView.php
E:\server64\www\tagihanwifi_onlinedb\views\email.php
E:\server64\www\tagihanwifi_onlinedb\views\layout.php
E:\server64\www\tagihanwifi_onlinedb\views\menu.php
E:\server64\www\tagihanwifi_onlinedb\views\swagger.php
E:\server64\www\tagihanwifi_onlinedb\web.config